SOYsauce-ShrekBot	ShrekBot-Genghis_Khan	Genghis_Khan-boby	boby-Galaxyconqueror	Galaxyconqueror-mylbot	mylbot-LOL	LOL-avengers	avengers-The_average_group	The_average_group-PLS	PLS-TheTerminator	TheTerminator-Expansion_V1
 SOYsauce	Genghis_Khan	Genghis_Khan	boby	mylbot	LOL	LOL	The_average_group	The_average_group	TheTerminator	TheTerminator
SOYsauce-Genghis_Khan	Genghis_Khan-boby	boby-mylbot	mylbot-LOL	LOL-The_average_group	The_average_group-TheTerminator
 SOYsauce	Genghis_Khan	boby	LOL	The_average_group	TheTerminator
SOYsauce-Genghis_Khan	Genghis_Khan-boby	boby-LOL	LOL-The_average_group	The_average_group-TheTerminator
 SOYsauce	Genghis_Khan	LOL	The_average_group	TheTerminator
SOYsauce-Genghis_Khan	Genghis_Khan-LOL	LOL-The_average_group	The_average_group-TheTerminator
 SOYsauce	LOL	The_average_group	TheTerminator
SOYsauce-LOL	LOL-The_average_group	The_average_group-TheTerminator
 SOYsauce	The_average_group	TheTerminator
SOYsauce-The_average_group	The_average_group-TheTerminator
 SOYsauce	TheTerminator
SOYsauce-TheTerminator
 SOYsauce

                player_1_name      player_2_name  winner   finish_state  player_1_score  player_2_score  turns                            description_for_display
battle_id
1                   SOYsauce           ShrekBot       1  Player 1 Wins            1458               0     73  13.0,13.0,0,36,4:3.7820839879289565,12.5713199...
2                   ShrekBot       Genghis_Khan       2  Player 2 Wins             837            3700    200  13.0,13.0,0,36,4:3.7820839879289565,12.5713199...
3               Genghis_Khan               boby       1  Player 1 Wins            2318            2150    200  13.0,13.0,0,36,4:3.7820839879289565,12.5713199...
4                       boby    Galaxyconqueror       1  Player 1 Wins            2241            2647    148  13.0,13.0,0,36,4:3.7820839879289565,12.5713199...
5            Galaxyconqueror             mylbot       2  Player 2 Wins             367            2180    121  13.0,13.0,0,36,4:3.7820839879289565,12.5713199...
6                     mylbot                LOL       2  Player 2 Wins             293            1979    116  13.0,13.0,0,36,4:3.7820839879289565,12.5713199...
7                        LOL           avengers       1  Player 1 Wins            5623            2658    200  13.0,13.0,0,36,4:3.7820839879289565,12.5713199...
8                   avengers  The_average_group       2  Player 2 Wins               0            1724     98  13.0,13.0,0,36,4:3.7820839879289565,12.5713199...
9          The_average_group                PLS       1  Player 1 Wins            2464             795    200  13.0,13.0,0,36,4:3.7820839879289565,12.5713199...
10                       PLS      TheTerminator       2  Player 2 Wins               0             538     44  13.0,13.0,0,36,4:3.7820839879289565,12.5713199...
11             TheTerminator       Expansion_V1       1  Player 1 Wins            4154             172    155  13.0,13.0,0,36,4:3.7820839879289565,12.5713199...
12                  SOYsauce       Genghis_Khan       1  Player 1 Wins            7351             754    200  13.0,13.0,0,36,4:3.7820839879289565,12.5713199...
13              Genghis_Khan               boby       1  Player 1 Wins            2318            2150    200  13.0,13.0,0,36,4:3.7820839879289565,12.5713199...
14                      boby             mylbot       1  Player 1 Wins            1717             201    102  13.0,13.0,0,36,4:3.7820839879289565,12.5713199...
15                    mylbot                LOL       2  Player 2 Wins             293            1979    116  13.0,13.0,0,36,4:3.7820839879289565,12.5713199...
16                       LOL  The_average_group       2  Player 2 Wins               0            2594    132  13.0,13.0,0,36,4:3.7820839879289565,12.5713199...
17         The_average_group      TheTerminator       2  Player 2 Wins              49            1543     88  13.0,13.0,0,36,4:3.7820839879289565,12.5713199...
18                  SOYsauce       Genghis_Khan       1  Player 1 Wins            7351             754    200  13.0,13.0,0,36,4:3.7820839879289565,12.5713199...
19              Genghis_Khan               boby       1  Player 1 Wins            2318            2150    200  13.0,13.0,0,36,4:3.7820839879289565,12.5713199...
20                      boby                LOL       2  Player 2 Wins            2986            3786    200  13.0,13.0,0,36,4:3.7820839879289565,12.5713199...
21                       LOL  The_average_group       2  Player 2 Wins               0            2594    132  13.0,13.0,0,36,4:3.7820839879289565,12.5713199...
22         The_average_group      TheTerminator       2  Player 2 Wins              49            1543     88  13.0,13.0,0,36,4:3.7820839879289565,12.5713199...
23                  SOYsauce       Genghis_Khan       1  Player 1 Wins            7351             754    200  13.0,13.0,0,36,4:3.7820839879289565,12.5713199...
24              Genghis_Khan                LOL       2  Player 2 Wins            1052            3138    200  13.0,13.0,0,36,4:3.7820839879289565,12.5713199...
25                       LOL  The_average_group       2  Player 2 Wins               0            2594    132  13.0,13.0,0,36,4:3.7820839879289565,12.5713199...
26         The_average_group      TheTerminator       2  Player 2 Wins              49            1543     88  13.0,13.0,0,36,4:3.7820839879289565,12.5713199...
27                  SOYsauce                LOL       1  Player 1 Wins            3047               0    173  13.0,13.0,0,36,4:3.7820839879289565,12.5713199...
28                       LOL  The_average_group       2  Player 2 Wins               0            2594    132  13.0,13.0,0,36,4:3.7820839879289565,12.5713199...
29         The_average_group      TheTerminator       2  Player 2 Wins              49            1543     88  13.0,13.0,0,36,4:3.7820839879289565,12.5713199...
30                  SOYsauce  The_average_group       1  Player 1 Wins            1701               0     89  13.0,13.0,0,36,4:3.7820839879289565,12.5713199...
31         The_average_group      TheTerminator       2  Player 2 Wins              49            1543     88  13.0,13.0,0,36,4:3.7820839879289565,12.5713199...
32                  SOYsauce      TheTerminator       1  Player 1 Wins            1850               0    122  13.0,13.0,0,36,4:3.7820839879289565,12.5713199...

Process finished with exit code 0